# JRE version: OpenJDK Runtime Environment JBR-11.0.13.7-1751.21-jcef (11.0.13+7) (build 11.0.13+7-b1751.21)
# Java VM: OpenJDK 64-Bit Server VM JBR-11.0.13.7-1751.21-jcef (11.0.13+7-b1751.21, mixed mode, tiered, compressed oops, g1 gc, windows-amd64)
Heap:
 garbage-first heap   total 312320K, used 20441K [0x0000000702800000, 0x0000000800000000)
  region size 1024K, 13 young (13312K), 13 survivors (13312K)
 Metaspace       used 50678K, capacity 52161K, committed 52304K, reserved 1095680K
  class space    used 6560K, capacity 7157K, committed 7168K, reserved 1048576K
GC Heap History (13 events):
Event: 1.257 GC heap before
{Heap before GC invocations=0 (full 0):
 garbage-first heap   total 260096K, used 24576K [0x0000000702800000, 0x0000000800000000)
  region size 1024K, 24 young (24576K), 0 survivors (0K)
 Metaspace       used 14257K, capacity 14685K, committed 14976K, reserved 1062912K
  class space    used 1476K, capacity 1600K, committed 1664K, reserved 1048576K
}
Event: 1.264 GC heap after
{Heap after GC invocations=1 (full 0):
 garbage-first heap   total 260096K, used 7392K [0x0000000702800000, 0x0000000800000000)
  region size 1024K, 3 young (3072K), 3 survivors (3072K)
 Metaspace       used 14257K, capacity 14685K, committed 14976K, reserved 1062912K
  class space    used 1476K, capacity 1600K, committed 1664K, reserved 1048576K
}
Event: 1.591 GC heap before
{Heap before GC invocations=1 (full 0):
 garbage-first heap   total 260096K, used 26848K [0x0000000702800000, 0x0000000800000000)
  region size 1024K, 22 young (22528K), 3 survivors (3072K)
 Metaspace       used 17997K, capacity 18539K, committed 18688K, reserved 1064960K
  class space    used 2003K, capacity 2239K, committed 2304K, reserved 1048576K
}
Event: 1.595 GC heap after
{Heap after GC invocations=2 (full 0):
 garbage-first heap   total 260096K, used 8946K [0x0000000702800000, 0x0000000800000000)
  region size 1024K, 2 young (2048K), 2 survivors (2048K)
 Metaspace       used 17997K, capacity 18539K, committed 18688K, reserved 1064960K
  class space    used 2003K, capacity 2239K, committed 2304K, reserved 1048576K
}
Event: 1.735 GC heap before
{Heap before GC invocations=2 (full 0):
 garbage-first heap   total 260096K, used 21234K [0x0000000702800000, 0x0000000800000000)
  region size 1024K, 16 young (16384K), 2 survivors (2048K)
 Metaspace       used 20468K, capacity 21118K, committed 21296K, reserved 1069056K
  class space    used 2329K, capacity 2593K, committed 2688K, reserved 1048576K
}
Event: 1.738 GC heap after
{Heap after GC invocations=3 (full 0):
 garbage-first heap   total 260096K, used 9431K [0x0000000702800000, 0x0000000800000000)
  region size 1024K, 2 young (2048K), 2 survivors (2048K)
 Metaspace       used 20468K, capacity 21118K, committed 21296K, reserved 1069056K
  class space    used 2329K, capacity 2593K, committed 2688K, reserved 1048576K
}
Event: 2.202 GC heap before
{Heap before GC invocations=4 (full 0):
 garbage-first heap   total 260096K, used 83159K [0x0000000702800000, 0x0000000800000000)
  region size 1024K, 75 young (76800K), 2 survivors (2048K)
 Metaspace       used 25310K, capacity 26255K, committed 26416K, reserved 1073152K
  class space    used 2980K, capacity 3339K, committed 3456K, reserved 1048576K
}
Event: 2.209 GC heap after
{Heap after GC invocations=5 (full 0):
 garbage-first heap   total 260096K, used 11259K [0x0000000702800000, 0x0000000800000000)
  region size 1024K, 4 young (4096K), 4 survivors (4096K)
 Metaspace       used 25310K, capacity 26255K, committed 26416K, reserved 1073152K
  class space    used 2980K, capacity 3339K, committed 3456K, reserved 1048576K
}
Event: 3.283 GC heap before
{Heap before GC invocations=5 (full 0):
 garbage-first heap   total 260096K, used 117755K [0x0000000702800000, 0x0000000800000000)
  region size 1024K, 109 young (111616K), 4 survivors (4096K)
 Metaspace       used 32719K, capacity 33982K, committed 34224K, reserved 1079296K
  class space    used 4009K, capacity 4501K, committed 4608K, reserved 1048576K
}
Event: 3.296 GC heap after
{Heap after GC invocations=6 (full 0):
 garbage-first heap   total 260096K, used 15198K [0x0000000702800000, 0x0000000800000000)
  region size 1024K, 8 young (8192K), 8 survivors (8192K)
 Metaspace       used 32719K, capacity 33982K, committed 34224K, reserved 1079296K
  class space    used 4009K, capacity 4501K, committed 4608K, reserved 1048576K
}
Event: 3.726 GC heap before
{Heap before GC invocations=6 (full 0):
 garbage-first heap   total 260096K, used 38750K [0x0000000702800000, 0x0000000800000000)
  region size 1024K, 33 young (33792K), 8 survivors (8192K)
 Metaspace       used 34581K, capacity 35833K, committed 35920K, reserved 1081344K
  class space    used 4282K, capacity 4842K, committed 4864K, reserved 1048576K
}
Event: 3.738 GC heap after
{Heap after GC invocations=7 (full 0):
 garbage-first heap   total 260096K, used 16179K [0x0000000702800000, 0x0000000800000000)
  region size 1024K, 9 young (9216K), 9 survivors (9216K)
 Metaspace       used 34581K, capacity 35833K, committed 35920K, reserved 1081344K
  class space    used 4282K, capacity 4842K, committed 4864K, reserved 1048576K
}
Event: 6.536 GC heap before
{Heap before GC invocations=8 (full 0):
 garbage-first heap   total 260096K, used 158515K [0x0000000702800000, 0x0000000800000000)
  region size 1024K, 148 young (151552K), 9 survivors (9216K)
 Metaspace       used 50678K, capacity 52161K, committed 52304K, reserved 1095680K
  class space    used 6560K, capacity 7157K, committed 7168K, reserved 1048576K
}

